0 info it worked if it ends with ok
1 verbose cli [ 'C:\\Program Files\\nodejs\\node.exe',
1 verbose cli   'C:\\Program Files\\nodejs\\node_modules\\npm\\bin\\npm-cli.js',
1 verbose cli   'start' ]
2 info using npm@3.10.9
3 info using node@v6.9.2
4 verbose run-script [ 'prestart', 'start', 'poststart' ]
5 info lifecycle express-prototype@7.0.0-beta.6~prestart: express-prototype@7.0.0-beta.6
6 silly lifecycle express-prototype@7.0.0-beta.6~prestart: no script for prestart, continuing
7 info lifecycle express-prototype@7.0.0-beta.6~start: express-prototype@7.0.0-beta.6
8 verbose lifecycle express-prototype@7.0.0-beta.6~start: unsafe-perm in lifecycle true
9 verbose lifecycle express-prototype@7.0.0-beta.6~start: PATH: C:\Program Files\nodejs\node_modules\npm\bin\node-gyp-bin;C:\PROTOTYPE CICA Online\apply-for-compensation-prototype\node_modules\.bin;C:\Program Files\Docker\Docker\Resources\bin;D:\app\SK06\product\11.2.0\client_1\bin;C:\ProgramData\Oracle\Java\javapath;C:\Windows\system32;C:\Windows;C:\Windows\System32\Wbem;C:\Windows\System32\WindowsPowerShell\v1.0\;C:\Program Files (x86)\NVIDIA Corporation\PhysX\Common;C:\Program Files (x86)\Microsoft SQL Server\Client SDK\ODBC\130\Tools\Binn\;C:\Program Files (x86)\Microsoft SQL Server\130\Tools\Binn\;C:\Program Files (x86)\Microsoft SQL Server\130\DTS\Binn\;C:\Program Files (x86)\Microsoft SQL Server\130\Tools\Binn\ManagementStudio\;C:\Program Files\nodejs\;C:\Program Files\TortoiseGit\bin;C:\Users\SK06\AppData\Local\Microsoft\WindowsApps;C:\Users\SK06\AppData\Roaming\npm;c:\oracle\instantclient_12_2;C:\Users\SK06\AppData\Local\atom\bin;C:\Program Files\Microsoft VS Code\bin
10 verbose lifecycle express-prototype@7.0.0-beta.6~start: CWD: C:\PROTOTYPE CICA Online\apply-for-compensation-prototype
11 silly lifecycle express-prototype@7.0.0-beta.6~start: Args: [ '/d /s /c', 'node start.js' ]
12 verbose stack Error: kill ENOSYS
12 verbose stack     at exports._errnoException (util.js:1022:11)
12 verbose stack     at process.kill (internal/process.js:172:13)
12 verbose stack     at process.listener (C:\Program Files\nodejs\node_modules\npm\node_modules\npmlog\node_modules\gauge\node_modules\signal-exit\index.js:86:15)
12 verbose stack     at emitNone (events.js:91:20)
12 verbose stack     at process.emit (events.js:185:7)
12 verbose stack     at processEmit (C:\Program Files\nodejs\node_modules\npm\node_modules\npmlog\node_modules\gauge\node_modules\signal-exit\index.js:146:32)
12 verbose stack     at processEmit (C:\Program Files\nodejs\node_modules\npm\node_modules\npm-registry-client\node_modules\npmlog\node_modules\gauge\node_modules\signal-exit\index.js:146:32)
12 verbose stack     at Signal.wrap.onsignal (internal/process.js:199:44)
13 verbose cwd C:\PROTOTYPE CICA Online\apply-for-compensation-prototype
14 error Windows_NT 10.0.14393
15 error argv "C:\\Program Files\\nodejs\\node.exe" "C:\\Program Files\\nodejs\\node_modules\\npm\\bin\\npm-cli.js" "start"
16 error node v6.9.2
17 error npm  v3.10.9
18 error code ENOSYS
19 error errno ENOSYS
20 error syscall kill
21 error kill ENOSYS
22 error If you need help, you may report this error at:
22 error     <https://github.com/npm/npm/issues>
23 verbose exit [ 1, true ]
